<?xml version="1.0" encoding="UTF-8"?>
<!-- Generated by org.testng.reporters.JUnitXMLReporter -->
<testsuite ignored="0" hostname="Rajis-Air.attlocal.net" failures="0" tests="4" name="submitorderTest" time="32.741" errors="0" timestamp="2024-02-15T11:02:03 EST">
  <testcase classname="raji.tests.submitordertest" name="samplestandalonetest" time="4.321"/>
  <testcase classname="raji.tests.submitordertest" name="samplestandalonetest" time="4.261"/>
  <testcase classname="raji.tests.submitordertest" name="samplestandalonetest" time="4.319"/>
  <testcase classname="raji.tests.submitordertest" name="orderhistorytest" time="0.863"/>
</testsuite> <!-- submitorderTest -->
