<?xml version="1.0" encoding="UTF-8"?>
<!-- Generated by org.testng.reporters.JUnitXMLReporter -->
<testsuite ignored="1" hostname="Rajis-Air.attlocal.net" failures="0" tests="1" name="errorTest" time="9.896" errors="0" timestamp="2024-03-01T19:35:00 EST">
  <testcase classname="raji.tests.ErrorValidation" name="loginerrorvalidation" time="1.064"/>
  <testcase classname="raji.tests.ErrorValidation" name="productcatalogueerror" time="0.0">
    <ignored/>
  </testcase> <!-- productcatalogueerror -->
</testsuite> <!-- errorTest -->
