<?xml version="1.0" encoding="UTF-8"?>
<!-- Generated by org.testng.reporters.JUnitXMLReporter -->
<testsuite ignored="2" hostname="Rajis-Air.attlocal.net" failures="0" tests="0" time="0.003" errors="0" timestamp="2024-03-01T19:34:50 EST">
  <testcase classname="raji.tests.SampleStandalone" name="samplestandalonetest" time="0.0">
    <ignored/>
  </testcase> <!-- samplestandalonetest -->
  <testcase classname="raji.tests.SampleStandalone" name="orderhistorytest" time="0.0">
    <ignored/>
  </testcase> <!-- orderhistorytest -->
</testsuite>
