<?xml version="1.0" encoding="UTF-8"?>
<testng-results ignored="3" total="4" passed="1" failed="0" skipped="0">
  <reporter-output>
  </reporter-output>
  <suite started-at="2024-03-01T19:34:50 EST" name="Suite" finished-at="2024-03-01T19:35:00 EST" duration-ms="9896">
    <groups>
      <group name="errorhandling">
        <method signature="ErrorValidation.loginerrorvalidation()[pri:0, instance:raji.tests.ErrorValidation@2f7298b]" name="loginerrorvalidation" class="raji.tests.ErrorValidation"/>
      </group> <!-- errorhandling -->
    </groups>
    <test started-at="2024-03-01T19:34:50 EST" name="submitorderTest" finished-at="2024-03-01T19:34:50 EST" duration-ms="3">
    </test> <!-- submitorderTest -->
    <test started-at="2024-03-01T19:34:50 EST" name="errorTest" finished-at="2024-03-01T19:35:00 EST" duration-ms="9896">
      <class name="raji.tests.ErrorValidation">
        <test-method is-config="true" signature="launchapplication()[pri:0, instance:raji.tests.ErrorValidation@2f7298b]" started-at="2024-03-01T19:34:50 EST" name="launchapplication" finished-at="2024-03-01T19:34:59 EST" duration-ms="8733" status="PASS">
          <reporter-output>
          </reporter-output>
        </test-method> <!-- launchapplication -->
        <test-method signature="loginerrorvalidation()[pri:0, instance:raji.tests.ErrorValidation@2f7298b]" started-at="2024-03-01T19:34:59 EST" name="loginerrorvalidation" finished-at="2024-03-01T19:35:00 EST" duration-ms="1064" status="PASS">
          <reporter-output>
          </reporter-output>
        </test-method> <!-- loginerrorvalidation -->
        <test-method is-config="true" signature="teardown()[pri:0, instance:raji.tests.ErrorValidation@2f7298b]" started-at="2024-03-01T19:35:00 EST" name="teardown" finished-at="2024-03-01T19:35:00 EST" duration-ms="85" status="PASS">
          <reporter-output>
          </reporter-output>
        </test-method> <!-- teardown -->
      </class> <!-- raji.tests.ErrorValidation -->
    </test> <!-- errorTest -->
  </suite> <!-- Suite -->
</testng-results>
